<?xml version="1.0" encoding="UTF-8"?>
<!-- Generated by org.testng.reporters.JUnitXMLReporter -->
<testsuite ignored="0" hostname="DESKTOP-N8QFVTO" failures="0" tests="3" name="Default test" time="3.867" errors="0" timestamp="2024-08-15T16:41:22 IST">
  <testcase classname="designpattern.Tasklogintest" name="titleCheck" time="0.041"/>
  <testcase classname="designpattern.Tasklogintest" name="loginCheck" time="3.602"/>
  <testcase classname="designpattern.Tasklogintest" name="urlCheck" time="0.04"/>
</testsuite> <!-- Default test -->
