<?xml version="1.0" encoding="UTF-8"?>
<!-- Generated by org.testng.reporters.JUnitXMLReporter -->
<testsuite ignored="0" hostname="DESKTOP-N8QFVTO" failures="1" tests="1" name="Test" time="46.654" errors="0" timestamp="2024-08-08T16:38:50 IST">
  <testcase classname="listenerstestng.ListenTestcase" name="login" time="1.37">
    <failure type="java.lang.AssertionError" message="expected [Facebook – log in or sign] but found [Facebook – log in or sign up]">
      <![CDATA[java.lang.AssertionError: expected [Facebook – log in or sign] but found [Facebook – log in or sign up]
at listenerstestng.ListenTestcase.login(ListenTestcase.java:36)
at java.base/java.util.ArrayList.forEach(ArrayList.java:1511)
... Removed 33 stack frames]]>
    </failure>
  </testcase> <!-- login -->
</testsuite> <!-- Test -->
