<?xml version="1.0" encoding="UTF-8"?>
<testng-results ignored="0" total="3" passed="3" failed="0" skipped="0">
  <reporter-output>
  </reporter-output>
  <suite started-at="2024-08-15T16:41:18 IST" name="Default suite" finished-at="2024-08-15T16:41:22 IST" duration-ms="3867">
    <groups>
    </groups>
    <test started-at="2024-08-15T16:41:18 IST" name="Default test" finished-at="2024-08-15T16:41:22 IST" duration-ms="3867">
      <class name="designpattern.Tasklogintest">
        <test-method is-config="true" signature="setUp()[pri:0, instance:designpattern.Tasklogintest@659499f1]" started-at="2024-08-15T16:41:00 IST" name="setUp" finished-at="2024-08-15T16:41:18 IST" duration-ms="18065" status="PASS">
          <reporter-output>
          </reporter-output>
        </test-method> <!-- setUp -->
        <test-method signature="titleCheck()[pri:-1, instance:designpattern.Tasklogintest@659499f1]" started-at="2024-08-15T16:41:19 IST" name="titleCheck" finished-at="2024-08-15T16:41:19 IST" duration-ms="41" status="PASS">
          <reporter-output>
          </reporter-output>
        </test-method> <!-- titleCheck -->
        <test-method signature="loginCheck()[pri:0, instance:designpattern.Tasklogintest@659499f1]" started-at="2024-08-15T16:41:19 IST" name="loginCheck" finished-at="2024-08-15T16:41:22 IST" duration-ms="3602" status="PASS">
          <reporter-output>
          </reporter-output>
        </test-method> <!-- loginCheck -->
        <test-method signature="urlCheck()[pri:2, instance:designpattern.Tasklogintest@659499f1]" started-at="2024-08-15T16:41:22 IST" name="urlCheck" finished-at="2024-08-15T16:41:22 IST" duration-ms="40" status="PASS">
          <reporter-output>
          </reporter-output>
        </test-method> <!-- urlCheck -->
      </class> <!-- designpattern.Tasklogintest -->
    </test> <!-- Default test -->
  </suite> <!-- Default suite -->
</testng-results>
